<?xml version="1.0" encoding="UTF-8"?>
<!-- Generated by org.testng.reporters.JUnitXMLReporter -->
<testsuite hostname="YULN00624273A" ignored="0" name="Command line test" tests="7" failures="1" timestamp="09 Feb 2018 20:14:32 GMT" time="43.514" errors="0">
  <testcase name="verifyContactsLableTest" time="0.002" classname="com.crm.qa.testcases.ContactsPageTest">
    <failure type="java.lang.NullPointerException">
      <![CDATA[java.lang.NullPointerException
	at com.crm.qa.pages.ContactsPage.verifycontactsLable(ContactsPage.java:18)
	at com.crm.qa.testcases.ContactsPageTest.verifyContactsLableTest(ContactsPageTest.java:44)
... Removed 35 stack frames]]>
    </failure>
  </testcase> <!-- verifyContactsLableTest -->
  <testcase name="verifyHomePageTitle" time="0.019" classname="com.crm.qa.testcases.HomePageTest"/>
  <testcase name="loginPageTitleTest" time="0.014" classname="com.crm.qa.testcases.LoginPageTest"/>
  <testcase name="verifyUserNameTest" time="0.097" classname="com.crm.qa.testcases.HomePageTest"/>
  <testcase name="crmLogoTest" time="0.053" classname="com.crm.qa.testcases.LoginPageTest"/>
  <testcase name="verifyContactsLink" time="0.609" classname="com.crm.qa.testcases.HomePageTest"/>
  <testcase name="loginTest" time="4.35" classname="com.crm.qa.testcases.LoginPageTest"/>
</testsuite> <!-- Command line test -->
