<?xml version="1.0" encoding="UTF-8"?>
<testng-results skipped="0" failed="1" ignored="0" total="7" passed="6">
  <reporter-output>
  </reporter-output>
  <suite name="Command line suite" duration-ms="43514" started-at="2018-02-09T20:13:49Z" finished-at="2018-02-09T20:14:32Z">
    <groups>
    </groups>
    <test name="Command line test" duration-ms="43514" started-at="2018-02-09T20:13:49Z" finished-at="2018-02-09T20:14:32Z">
      <class name="com.crm.qa.testcases.HomePageTest">
        <test-method status="PASS" signature="setup()[pri:0, instance:com.crm.qa.testcases.HomePageTest@2ed94a8b]" name="setup" is-config="true" duration-ms="4512" started-at="2018-02-09T15:13:59Z" finished-at="2018-02-09T15:14:04Z">
          <reporter-output>
          </reporter-output>
        </test-method> <!-- setup -->
        <test-method status="PASS" signature="verifyHomePageTitle()[pri:1, instance:com.crm.qa.testcases.HomePageTest@2ed94a8b]" name="verifyHomePageTitle" duration-ms="19" started-at="2018-02-09T15:14:04Z" finished-at="2018-02-09T15:14:04Z">
          <reporter-output>
          </reporter-output>
        </test-method> <!-- verifyHomePageTitle -->
        <test-method status="PASS" signature="testDown()[pri:0, instance:com.crm.qa.testcases.HomePageTest@2ed94a8b]" name="testDown" is-config="true" duration-ms="663" started-at="2018-02-09T15:14:04Z" finished-at="2018-02-09T15:14:04Z">
          <reporter-output>
          </reporter-output>
        </test-method> <!-- testDown -->
        <test-method status="PASS" signature="setup()[pri:0, instance:com.crm.qa.testcases.HomePageTest@2ed94a8b]" name="setup" is-config="true" duration-ms="4477" started-at="2018-02-09T15:14:08Z" finished-at="2018-02-09T15:14:13Z">
          <reporter-output>
          </reporter-output>
        </test-method> <!-- setup -->
        <test-method status="PASS" signature="verifyUserNameTest()[pri:2, instance:com.crm.qa.testcases.HomePageTest@2ed94a8b]" name="verifyUserNameTest" duration-ms="97" started-at="2018-02-09T15:14:13Z" finished-at="2018-02-09T15:14:13Z">
          <reporter-output>
          </reporter-output>
        </test-method> <!-- verifyUserNameTest -->
        <test-method status="PASS" signature="testDown()[pri:0, instance:com.crm.qa.testcases.HomePageTest@2ed94a8b]" name="testDown" is-config="true" duration-ms="641" started-at="2018-02-09T15:14:13Z" finished-at="2018-02-09T15:14:14Z">
          <reporter-output>
          </reporter-output>
        </test-method> <!-- testDown -->
        <test-method status="PASS" signature="setup()[pri:0, instance:com.crm.qa.testcases.HomePageTest@2ed94a8b]" name="setup" is-config="true" duration-ms="4956" started-at="2018-02-09T15:14:18Z" finished-at="2018-02-09T15:14:23Z">
          <reporter-output>
          </reporter-output>
        </test-method> <!-- setup -->
        <test-method status="PASS" signature="verifyContactsLink()[pri:3, instance:com.crm.qa.testcases.HomePageTest@2ed94a8b]" name="verifyContactsLink" duration-ms="609" started-at="2018-02-09T15:14:23Z" finished-at="2018-02-09T15:14:23Z">
          <reporter-output>
          </reporter-output>
        </test-method> <!-- verifyContactsLink -->
        <test-method status="PASS" signature="testDown()[pri:0, instance:com.crm.qa.testcases.HomePageTest@2ed94a8b]" name="testDown" is-config="true" duration-ms="654" started-at="2018-02-09T15:14:23Z" finished-at="2018-02-09T15:14:24Z">
          <reporter-output>
          </reporter-output>
        </test-method> <!-- testDown -->
      </class> <!-- com.crm.qa.testcases.HomePageTest -->
      <class name="com.crm.qa.testcases.ContactsPageTest">
        <test-method status="PASS" signature="setup()[pri:0, instance:com.crm.qa.testcases.ContactsPageTest@73f792cf]" name="setup" is-config="true" duration-ms="9700" started-at="2018-02-09T15:13:49Z" finished-at="2018-02-09T15:13:58Z">
          <reporter-output>
          </reporter-output>
        </test-method> <!-- setup -->
        <test-method status="FAIL" signature="verifyContactsLableTest()[pri:1, instance:com.crm.qa.testcases.ContactsPageTest@73f792cf]" name="verifyContactsLableTest" duration-ms="2" started-at="2018-02-09T15:13:58Z" finished-at="2018-02-09T15:13:58Z">
          <exception class="java.lang.NullPointerException">
            <full-stacktrace>
              <![CDATA[java.lang.NullPointerException
	at com.crm.qa.pages.ContactsPage.verifycontactsLable(ContactsPage.java:18)
	at com.crm.qa.testcases.ContactsPageTest.verifyContactsLableTest(ContactsPageTest.java:44)
	at sun.reflect.NativeMethodAccessorImpl.invoke0(Native Method)
	at sun.reflect.NativeMethodAccessorImpl.invoke(NativeMethodAccessorImpl.java:62)
	at sun.reflect.DelegatingMethodAccessorImpl.invoke(DelegatingMethodAccessorImpl.java:43)
	at java.lang.reflect.Method.invoke(Method.java:498)
	at org.testng.internal.MethodInvocationHelper.invokeMethod(MethodInvocationHelper.java:104)
	at org.testng.internal.Invoker.invokeMethod(Invoker.java:645)
	at org.testng.internal.Invoker.invokeTestMethod(Invoker.java:851)
	at org.testng.internal.Invoker.invokeTestMethods(Invoker.java:1177)
	at org.testng.internal.TestMethodWorker.invokeTestMethods(TestMethodWorker.java:129)
	at org.testng.internal.TestMethodWorker.run(TestMethodWorker.java:112)
	at org.testng.TestRunner.privateRun(TestRunner.java:756)
	at org.testng.TestRunner.run(TestRunner.java:610)
	at org.testng.SuiteRunner.runTest(SuiteRunner.java:387)
	at org.testng.SuiteRunner.runSequentially(SuiteRunner.java:382)
	at org.testng.SuiteRunner.privateRun(SuiteRunner.java:340)
	at org.testng.SuiteRunner.run(SuiteRunner.java:289)
	at org.testng.SuiteRunnerWorker.runSuite(SuiteRunnerWorker.java:52)
	at org.testng.SuiteRunnerWorker.run(SuiteRunnerWorker.java:86)
	at org.testng.TestNG.runSuitesSequentially(TestNG.java:1293)
	at org.testng.TestNG.runSuitesLocally(TestNG.java:1218)
	at org.testng.TestNG.runSuites(TestNG.java:1133)
	at org.testng.TestNG.run(TestNG.java:1104)
	at org.apache.maven.surefire.testng.TestNGExecutor.run(TestNGExecutor.java:77)
	at org.apache.maven.surefire.testng.TestNGDirectoryTestSuite.executeMulti(TestNGDirectoryTestSuite.java:159)
	at org.apache.maven.surefire.testng.TestNGDirectoryTestSuite.execute(TestNGDirectoryTestSuite.java:99)
	at org.apache.maven.surefire.testng.TestNGProvider.invoke(TestNGProvider.java:106)
	at sun.reflect.NativeMethodAccessorImpl.invoke0(Native Method)
	at sun.reflect.NativeMethodAccessorImpl.invoke(NativeMethodAccessorImpl.java:62)
	at sun.reflect.DelegatingMethodAccessorImpl.invoke(DelegatingMethodAccessorImpl.java:43)
	at java.lang.reflect.Method.invoke(Method.java:498)
	at org.apache.maven.surefire.util.ReflectionUtils.invokeMethodWithArray(ReflectionUtils.java:189)
	at org.apache.maven.surefire.booter.ProviderFactory$ProviderProxy.invoke(ProviderFactory.java:165)
	at org.apache.maven.surefire.booter.ProviderFactory.invokeProvider(ProviderFactory.java:85)
	at org.apache.maven.surefire.booter.ForkedBooter.runSuitesInProcess(ForkedBooter.java:115)
	at org.apache.maven.surefire.booter.ForkedBooter.main(ForkedBooter.java:75)
]]>
            </full-stacktrace>
          </exception> <!-- java.lang.NullPointerException -->
          <reporter-output>
          </reporter-output>
        </test-method> <!-- verifyContactsLableTest -->
        <test-method status="PASS" signature="tearDown()[pri:0, instance:com.crm.qa.testcases.ContactsPageTest@73f792cf]" name="tearDown" is-config="true" duration-ms="693" started-at="2018-02-09T15:13:58Z" finished-at="2018-02-09T15:13:59Z">
          <reporter-output>
          </reporter-output>
        </test-method> <!-- tearDown -->
      </class> <!-- com.crm.qa.testcases.ContactsPageTest -->
      <class name="com.crm.qa.testcases.LoginPageTest">
        <test-method status="PASS" signature="setup()[pri:0, instance:com.crm.qa.testcases.LoginPageTest@38082d64]" name="setup" is-config="true" duration-ms="3384" started-at="2018-02-09T15:14:04Z" finished-at="2018-02-09T15:14:08Z">
          <reporter-output>
          </reporter-output>
        </test-method> <!-- setup -->
        <test-method status="PASS" signature="loginPageTitleTest()[pri:1, instance:com.crm.qa.testcases.LoginPageTest@38082d64]" name="loginPageTitleTest" duration-ms="14" started-at="2018-02-09T15:14:08Z" finished-at="2018-02-09T15:14:08Z">
          <reporter-output>
          </reporter-output>
        </test-method> <!-- loginPageTitleTest -->
        <test-method status="PASS" signature="teardown()[pri:0, instance:com.crm.qa.testcases.LoginPageTest@38082d64]" name="teardown" is-config="true" duration-ms="670" started-at="2018-02-09T15:14:08Z" finished-at="2018-02-09T15:14:08Z">
          <reporter-output>
          </reporter-output>
        </test-method> <!-- teardown -->
        <test-method status="PASS" signature="setup()[pri:0, instance:com.crm.qa.testcases.LoginPageTest@38082d64]" name="setup" is-config="true" duration-ms="3329" started-at="2018-02-09T15:14:14Z" finished-at="2018-02-09T15:14:17Z">
          <reporter-output>
          </reporter-output>
        </test-method> <!-- setup -->
        <test-method status="PASS" signature="crmLogoTest()[pri:2, instance:com.crm.qa.testcases.LoginPageTest@38082d64]" name="crmLogoTest" duration-ms="53" started-at="2018-02-09T15:14:17Z" finished-at="2018-02-09T15:14:17Z">
          <reporter-output>
          </reporter-output>
        </test-method> <!-- crmLogoTest -->
        <test-method status="PASS" signature="teardown()[pri:0, instance:com.crm.qa.testcases.LoginPageTest@38082d64]" name="teardown" is-config="true" duration-ms="639" started-at="2018-02-09T15:14:17Z" finished-at="2018-02-09T15:14:18Z">
          <reporter-output>
          </reporter-output>
        </test-method> <!-- teardown -->
        <test-method status="PASS" signature="setup()[pri:0, instance:com.crm.qa.testcases.LoginPageTest@38082d64]" name="setup" is-config="true" duration-ms="3352" started-at="2018-02-09T15:14:24Z" finished-at="2018-02-09T15:14:27Z">
          <reporter-output>
          </reporter-output>
        </test-method> <!-- setup -->
        <test-method status="PASS" signature="loginTest()[pri:3, instance:com.crm.qa.testcases.LoginPageTest@38082d64]" name="loginTest" duration-ms="4350" started-at="2018-02-09T15:14:27Z" finished-at="2018-02-09T15:14:32Z">
          <reporter-output>
          </reporter-output>
        </test-method> <!-- loginTest -->
        <test-method status="PASS" signature="teardown()[pri:0, instance:com.crm.qa.testcases.LoginPageTest@38082d64]" name="teardown" is-config="true" duration-ms="660" started-at="2018-02-09T15:14:32Z" finished-at="2018-02-09T15:14:32Z">
          <reporter-output>
          </reporter-output>
        </test-method> <!-- teardown -->
      </class> <!-- com.crm.qa.testcases.LoginPageTest -->
    </test> <!-- Command line test -->
  </suite> <!-- Command line suite -->
</testng-results>
