<?xml version="1.0" encoding="UTF-8"?>
<testng-results skipped="0" failed="1" ignored="0" total="7" passed="6">
  <reporter-output>
  </reporter-output>
  <suite name="Free CRM Application Test automation suite " duration-ms="45951" started-at="2018-02-08T20:06:07Z" finished-at="2018-02-08T20:06:53Z">
    <groups>
    </groups>
    <test name="Free CRM application Test Cases" duration-ms="45951" started-at="2018-02-08T20:06:07Z" finished-at="2018-02-08T20:06:53Z">
      <class name="com.crm.qa.testcases.HomePageTest">
        <test-method status="PASS" signature="setup()[pri:0, instance:com.crm.qa.testcases.HomePageTest@5b275dab]" name="setup" is-config="true" duration-ms="8498" started-at="2018-02-08T15:06:13Z" finished-at="2018-02-08T15:06:21Z">
          <reporter-output>
          </reporter-output>
        </test-method> <!-- setup -->
        <test-method status="PASS" signature="verifyHomePageTitle()[pri:1, instance:com.crm.qa.testcases.HomePageTest@5b275dab]" name="verifyHomePageTitle" duration-ms="18" started-at="2018-02-08T15:06:21Z" finished-at="2018-02-08T15:06:21Z">
          <reporter-output>
          </reporter-output>
        </test-method> <!-- verifyHomePageTitle -->
        <test-method status="PASS" signature="testDown()[pri:0, instance:com.crm.qa.testcases.HomePageTest@5b275dab]" name="testDown" is-config="true" duration-ms="637" started-at="2018-02-08T15:06:21Z" finished-at="2018-02-08T15:06:22Z">
          <reporter-output>
          </reporter-output>
        </test-method> <!-- testDown -->
        <test-method status="PASS" signature="setup()[pri:0, instance:com.crm.qa.testcases.HomePageTest@5b275dab]" name="setup" is-config="true" duration-ms="7289" started-at="2018-02-08T15:06:33Z" finished-at="2018-02-08T15:06:40Z">
          <reporter-output>
          </reporter-output>
        </test-method> <!-- setup -->
        <test-method status="PASS" signature="verifyUserNameTest()[pri:2, instance:com.crm.qa.testcases.HomePageTest@5b275dab]" name="verifyUserNameTest" duration-ms="123" started-at="2018-02-08T15:06:40Z" finished-at="2018-02-08T15:06:41Z">
          <reporter-output>
          </reporter-output>
        </test-method> <!-- verifyUserNameTest -->
        <test-method status="PASS" signature="testDown()[pri:0, instance:com.crm.qa.testcases.HomePageTest@5b275dab]" name="testDown" is-config="true" duration-ms="672" started-at="2018-02-08T15:06:41Z" finished-at="2018-02-08T15:06:41Z">
          <reporter-output>
          </reporter-output>
        </test-method> <!-- testDown -->
        <test-method status="PASS" signature="setup()[pri:0, instance:com.crm.qa.testcases.HomePageTest@5b275dab]" name="setup" is-config="true" duration-ms="4975" started-at="2018-02-08T15:06:47Z" finished-at="2018-02-08T15:06:52Z">
          <reporter-output>
          </reporter-output>
        </test-method> <!-- setup -->
        <test-method status="PASS" signature="verifyContactsLink()[pri:3, instance:com.crm.qa.testcases.HomePageTest@5b275dab]" name="verifyContactsLink" duration-ms="677" started-at="2018-02-08T15:06:52Z" finished-at="2018-02-08T15:06:53Z">
          <reporter-output>
          </reporter-output>
        </test-method> <!-- verifyContactsLink -->
        <test-method status="PASS" signature="testDown()[pri:0, instance:com.crm.qa.testcases.HomePageTest@5b275dab]" name="testDown" is-config="true" duration-ms="681" started-at="2018-02-08T15:06:53Z" finished-at="2018-02-08T15:06:53Z">
          <reporter-output>
          </reporter-output>
        </test-method> <!-- testDown -->
      </class> <!-- com.crm.qa.testcases.HomePageTest -->
      <class name="com.crm.qa.testcases.ContactsPageTest">
        <test-method status="PASS" signature="setup()[pri:0, instance:com.crm.qa.testcases.ContactsPageTest@61832929]" name="setup" is-config="true" duration-ms="6224" started-at="2018-02-08T15:06:22Z" finished-at="2018-02-08T15:06:28Z">
          <reporter-output>
          </reporter-output>
        </test-method> <!-- setup -->
        <test-method status="FAIL" signature="verifyContactsLableTest()[pri:1, instance:com.crm.qa.testcases.ContactsPageTest@61832929]" name="verifyContactsLableTest" duration-ms="1" started-at="2018-02-08T15:06:28Z" finished-at="2018-02-08T15:06:28Z">
          <exception class="java.lang.NullPointerException">
            <full-stacktrace>
              <![CDATA[java.lang.NullPointerException
	at com.crm.qa.pages.ContactsPage.verifycontactsLable(ContactsPage.java:18)
	at com.crm.qa.testcases.ContactsPageTest.verifyContactsLableTest(ContactsPageTest.java:44)
	at sun.reflect.NativeMethodAccessorImpl.invoke0(Native Method)
	at sun.reflect.NativeMethodAccessorImpl.invoke(Unknown Source)
	at sun.reflect.DelegatingMethodAccessorImpl.invoke(Unknown Source)
	at java.lang.reflect.Method.invoke(Unknown Source)
	at org.testng.internal.MethodInvocationHelper.invokeMethod(MethodInvocationHelper.java:104)
	at org.testng.internal.Invoker.invokeMethod(Invoker.java:645)
	at org.testng.internal.Invoker.invokeTestMethod(Invoker.java:851)
	at org.testng.internal.Invoker.invokeTestMethods(Invoker.java:1177)
	at org.testng.internal.TestMethodWorker.invokeTestMethods(TestMethodWorker.java:129)
	at org.testng.internal.TestMethodWorker.run(TestMethodWorker.java:112)
	at org.testng.TestRunner.privateRun(TestRunner.java:756)
	at org.testng.TestRunner.run(TestRunner.java:610)
	at org.testng.SuiteRunner.runTest(SuiteRunner.java:387)
	at org.testng.SuiteRunner.runSequentially(SuiteRunner.java:382)
	at org.testng.SuiteRunner.privateRun(SuiteRunner.java:340)
	at org.testng.SuiteRunner.run(SuiteRunner.java:289)
	at org.testng.SuiteRunnerWorker.runSuite(SuiteRunnerWorker.java:52)
	at org.testng.SuiteRunnerWorker.run(SuiteRunnerWorker.java:86)
	at org.testng.TestNG.runSuitesSequentially(TestNG.java:1293)
	at org.testng.TestNG.runSuitesLocally(TestNG.java:1218)
	at org.testng.TestNG.runSuites(TestNG.java:1133)
	at org.testng.TestNG.run(TestNG.java:1104)
	at org.testng.remote.AbstractRemoteTestNG.run(AbstractRemoteTestNG.java:114)
	at org.testng.remote.RemoteTestNG.initAndRun(RemoteTestNG.java:251)
	at org.testng.remote.RemoteTestNG.main(RemoteTestNG.java:77)
]]>
            </full-stacktrace>
          </exception> <!-- java.lang.NullPointerException -->
          <reporter-output>
          </reporter-output>
        </test-method> <!-- verifyContactsLableTest -->
        <test-method status="PASS" signature="tearDown()[pri:0, instance:com.crm.qa.testcases.ContactsPageTest@61832929]" name="tearDown" is-config="true" duration-ms="706" started-at="2018-02-08T15:06:28Z" finished-at="2018-02-08T15:06:29Z">
          <reporter-output>
          </reporter-output>
        </test-method> <!-- tearDown -->
      </class> <!-- com.crm.qa.testcases.ContactsPageTest -->
      <class name="com.crm.qa.testcases.LoginPageTest">
        <test-method status="PASS" signature="setup()[pri:0, instance:com.crm.qa.testcases.LoginPageTest@523884b2]" name="setup" is-config="true" duration-ms="4806" started-at="2018-02-08T15:06:07Z" finished-at="2018-02-08T15:06:12Z">
          <reporter-output>
          </reporter-output>
        </test-method> <!-- setup -->
        <test-method status="PASS" signature="loginPageTitleTest()[pri:1, instance:com.crm.qa.testcases.LoginPageTest@523884b2]" name="loginPageTitleTest" duration-ms="41" started-at="2018-02-08T15:06:12Z" finished-at="2018-02-08T15:06:12Z">
          <reporter-output>
          </reporter-output>
        </test-method> <!-- loginPageTitleTest -->
        <test-method status="PASS" signature="teardown()[pri:0, instance:com.crm.qa.testcases.LoginPageTest@523884b2]" name="teardown" is-config="true" duration-ms="667" started-at="2018-02-08T15:06:12Z" finished-at="2018-02-08T15:06:13Z">
          <reporter-output>
          </reporter-output>
        </test-method> <!-- teardown -->
        <test-method status="PASS" signature="setup()[pri:0, instance:com.crm.qa.testcases.LoginPageTest@523884b2]" name="setup" is-config="true" duration-ms="3444" started-at="2018-02-08T15:06:29Z" finished-at="2018-02-08T15:06:32Z">
          <reporter-output>
          </reporter-output>
        </test-method> <!-- setup -->
        <test-method status="PASS" signature="crmLogoTest()[pri:2, instance:com.crm.qa.testcases.LoginPageTest@523884b2]" name="crmLogoTest" duration-ms="72" started-at="2018-02-08T15:06:32Z" finished-at="2018-02-08T15:06:33Z">
          <reporter-output>
          </reporter-output>
        </test-method> <!-- crmLogoTest -->
        <test-method status="PASS" signature="teardown()[pri:0, instance:com.crm.qa.testcases.LoginPageTest@523884b2]" name="teardown" is-config="true" duration-ms="667" started-at="2018-02-08T15:06:33Z" finished-at="2018-02-08T15:06:33Z">
          <reporter-output>
          </reporter-output>
        </test-method> <!-- teardown -->
        <test-method status="PASS" signature="setup()[pri:0, instance:com.crm.qa.testcases.LoginPageTest@523884b2]" name="setup" is-config="true" duration-ms="3463" started-at="2018-02-08T15:06:41Z" finished-at="2018-02-08T15:06:45Z">
          <reporter-output>
          </reporter-output>
        </test-method> <!-- setup -->
        <test-method status="PASS" signature="loginTest()[pri:3, instance:com.crm.qa.testcases.LoginPageTest@523884b2]" name="loginTest" duration-ms="1568" started-at="2018-02-08T15:06:45Z" finished-at="2018-02-08T15:06:46Z">
          <reporter-output>
          </reporter-output>
        </test-method> <!-- loginTest -->
        <test-method status="PASS" signature="teardown()[pri:0, instance:com.crm.qa.testcases.LoginPageTest@523884b2]" name="teardown" is-config="true" duration-ms="679" started-at="2018-02-08T15:06:46Z" finished-at="2018-02-08T15:06:47Z">
          <reporter-output>
          </reporter-output>
        </test-method> <!-- teardown -->
      </class> <!-- com.crm.qa.testcases.LoginPageTest -->
    </test> <!-- Free CRM application Test Cases -->
  </suite> <!-- Free CRM Application Test automation suite  -->
</testng-results>
